The chromedriver version (115.0.5790.110) detected in PATH at C:\Users\Dell\AppData\Local\Programs\Python\Python310\chromedriver.exe might not be compatible with the detected chrome version (115.0.5790.111); currently, chromedriver 115.0.5790.170 is recommended for chrome 115.*, so it is advised to delete the driver in PATH and retry : 2023-08-07 09:21:49,546 : 133 : run
test_login started : 2023-08-07 09:21:51,093 : 10 : test_login
openting url : 2023-08-07 09:21:51,094 : 12 : test_login
enter username : 2023-08-07 09:21:57,491 : 16 : test_login
enter password : 2023-08-07 09:21:57,668 : 18 : test_login
click on login  : 2023-08-07 09:21:57,799 : 20 : test_login
verifying login : 2023-08-07 09:22:01,552 : 22 : test_login
test_login is completed : 2023-08-07 09:22:01,658 : 24 : test_login
The chromedriver version (115.0.5790.110) detected in PATH at C:\Users\Dell\AppData\Local\Programs\Python\Python310\chromedriver.exe might not be compatible with the detected chrome version (115.0.5790.111); currently, chromedriver 115.0.5790.170 is recommended for chrome 115.*, so it is advised to delete the driver in PATH and retry : 2023-08-07 09:55:48,096 : 133 : run
test_login started : 2023-08-07 09:55:49,965 : 10 : test_login
openting url : 2023-08-07 09:55:49,966 : 12 : test_login
The chromedriver version (115.0.5790.110) detected in PATH at C:\Users\Dell\AppData\Local\Programs\Python\Python310\chromedriver.exe might not be compatible with the detected chrome version (115.0.5790.111); currently, chromedriver 115.0.5790.170 is recommended for chrome 115.*, so it is advised to delete the driver in PATH and retry : 2023-08-07 09:56:53,272 : 133 : run
test_login started : 2023-08-07 09:56:54,912 : 10 : test_login
openting url : 2023-08-07 09:56:54,912 : 12 : test_login
enter username : 2023-08-07 09:57:03,625 : 16 : test_login
enter password : 2023-08-07 09:57:03,865 : 18 : test_login
click on login  : 2023-08-07 09:57:04,025 : 20 : test_login
verifying login : 2023-08-07 09:57:07,519 : 22 : test_login
test_login is completed : 2023-08-07 09:57:07,978 : 24 : test_login
The chromedriver version (115.0.5790.110) detected in PATH at C:\Users\Dell\AppData\Local\Programs\Python\Python310\chromedriver.exe might not be compatible with the detected chrome version (115.0.5790.111); currently, chromedriver 115.0.5790.170 is recommended for chrome 115.*, so it is advised to delete the driver in PATH and retry : 2023-08-07 10:24:59,959 : 133 : run
test_login started : 2023-08-07 10:25:01,623 : 10 : test_login
openting url : 2023-08-07 10:25:01,623 : 12 : test_login
enter username : 2023-08-07 10:25:15,062 : 16 : test_login
enter password : 2023-08-07 10:25:15,437 : 18 : test_login
click on login  : 2023-08-07 10:25:15,611 : 20 : test_login
verifying login : 2023-08-07 10:25:20,511 : 22 : test_login
test_login is completed : 2023-08-07 10:25:20,921 : 24 : test_login
The chromedriver version (115.0.5790.110) detected in PATH at C:\Users\Dell\AppData\Local\Programs\Python\Python310\chromedriver.exe might not be compatible with the detected chrome version (115.0.5790.111); currently, chromedriver 115.0.5790.170 is recommended for chrome 115.*, so it is advised to delete the driver in PATH and retry : 2023-08-07 10:28:47,521 : 133 : run
The chromedriver version (115.0.5790.110) detected in PATH at C:\Users\Dell\AppData\Local\Programs\Python\Python310\chromedriver.exe might not be compatible with the detected chrome version (115.0.5790.111); currently, chromedriver 115.0.5790.170 is recommended for chrome 115.*, so it is advised to delete the driver in PATH and retry : 2023-08-07 10:30:10,119 : 133 : run
test_login started : 2023-08-07 10:30:11,753 : 10 : test_login
openting url : 2023-08-07 10:30:11,753 : 12 : test_login
enter username : 2023-08-07 10:30:21,264 : 16 : test_login
enter password : 2023-08-07 10:30:21,533 : 18 : test_login
click on login  : 2023-08-07 10:30:21,688 : 20 : test_login
verifying login : 2023-08-07 10:30:25,939 : 22 : test_login
test_login is completed : 2023-08-07 10:30:26,483 : 24 : test_login
test_login started : 2023-08-07 10:34:21,153 : 10 : test_login
openting url : 2023-08-07 10:34:21,154 : 12 : test_login
enter username : 2023-08-07 10:34:32,010 : 16 : test_login
enter password : 2023-08-07 10:34:32,195 : 18 : test_login
click on login  : 2023-08-07 10:34:32,327 : 20 : test_login
verifying login : 2023-08-07 10:34:34,139 : 22 : test_login
test_login is completed : 2023-08-07 10:34:34,478 : 24 : test_login
